<?xml version="1.0" encoding="UTF-8"?>
<!-- Generated by org.testng.reporters.JUnitXMLReporter -->
<testsuite ignored="2" hostname="TXCHD-LAP-265" failures="0" tests="1" name="Default test" time="1.764" errors="0" timestamp="2025-01-16T19:54:47 IST">
  <testcase classname="session2.checkForValidResponse" name="getSingleUSerBDD_style" time="1.721"/>
  <testcase classname="session2.checkForValidResponse" name="getSingleUSer" time="0.0">
    <ignored/>
  </testcase> <!-- getSingleUSer -->
  <testcase classname="session2.checkForValidResponse" name="getSingleUSerUsingValidatableResponse" time="0.0">
    <ignored/>
  </testcase> <!-- getSingleUSerUsingValidatableResponse -->
</testsuite> <!-- Default test -->
