<?xml version="1.0" encoding="UTF-8"?>
<testng-results ignored="0" total="1" passed="1" failed="0" skipped="0">
  <reporter-output>
  </reporter-output>
  <suite started-at="2025-01-16T19:54:46 IST" name="Default suite" finished-at="2025-01-16T19:54:47 IST" duration-ms="1764">
    <groups>
    </groups>
    <test started-at="2025-01-16T19:54:46 IST" name="Default test" finished-at="2025-01-16T19:54:47 IST" duration-ms="1764">
      <class name="session2.checkForValidResponse">
        <test-method signature="getSingleUSerBDD_style()[pri:0, instance:session2.checkForValidResponse@22555ebf]" started-at="2025-01-16T19:54:46 IST" name="getSingleUSerBDD_style" finished-at="2025-01-16T19:54:47 IST" duration-ms="1721" status="PASS">
          <reporter-output>
          </reporter-output>
        </test-method> <!-- getSingleUSerBDD_style -->
      </class> <!-- session2.checkForValidResponse -->
    </test> <!-- Default test -->
  </suite> <!-- Default suite -->
</testng-results>
